<?xml version="1.0" encoding="UTF-8"?>
<!-- Generated by org.testng.reporters.JUnitReportReporter -->
<testsuite hostname="Admin" name="test.NewTest" tests="2" failures="0" timestamp="13 May 2019 03:26:09 GMT" time="0.013" errors="0">
  <testcase name="runSelenium1" time="0.001" classname="test.NewTest"/>
  <testcase name="runSelenium" time="0.012" classname="test.NewTest"/>
</testsuite> <!-- test.NewTest -->
